<?xml version="1.0" encoding="UTF-8"?>
<testng-results total="3" passed="3" failed="0" skipped="0">
  <reporter-output>
  </reporter-output>
  <suite started-at="2024-06-25T13:24:07Z" name="FlipkartSuite" finished-at="2024-06-25T13:24:37Z" duration-ms="30468">
    <groups>
    </groups>
    <test started-at="2024-06-25T13:24:07Z" name="SanityTest" finished-at="2024-06-25T13:24:37Z" duration-ms="30468">
      <class name="demo.TestCases">
        <test-method is-config="true" signature="startBrowser()[pri:0, instance:demo.TestCases@4b9df8a]" started-at="2024-06-25T18:54:07Z" name="startBrowser" finished-at="2024-06-25T18:54:08Z" duration-ms="1669" status="PASS">
          <reporter-output>
          </reporter-output>
        </test-method> <!-- startBrowser -->
        <test-method signature="testCase01()[pri:1, instance:demo.TestCases@4b9df8a]" started-at="2024-06-25T18:54:08Z" name="testCase01" description="Verify the count of items with less than or equal to 4 stars when sorting done by Popularity" finished-at="2024-06-25T18:54:19Z" duration-ms="10757" status="PASS">
          <reporter-output>
          </reporter-output>
        </test-method> <!-- testCase01 -->
        <test-method signature="testCase02()[pri:1, instance:demo.TestCases@4b9df8a]" started-at="2024-06-25T18:54:19Z" name="testCase02" description="Printing the Titles and discount % of items with more than 17% discount of Iphone" finished-at="2024-06-25T18:54:27Z" duration-ms="7965" status="PASS">
          <reporter-output>
          </reporter-output>
        </test-method> <!-- testCase02 -->
        <test-method signature="testCase03()[pri:1, instance:demo.TestCases@4b9df8a]" started-at="2024-06-25T18:54:27Z" name="testCase03" description="Search &#039;Coffee Mug&#039;, select 4 stars and above, and print the Title and image URL of the 5 items with highest number of reviews" finished-at="2024-06-25T18:54:36Z" duration-ms="9381" status="PASS">
          <reporter-output>
          </reporter-output>
        </test-method> <!-- testCase03 -->
        <test-method is-config="true" signature="endTest()[pri:0, instance:demo.TestCases@4b9df8a]" started-at="2024-06-25T18:54:36Z" name="endTest" finished-at="2024-06-25T18:54:37Z" duration-ms="689" status="PASS">
          <reporter-output>
          </reporter-output>
        </test-method> <!-- endTest -->
      </class> <!-- demo.TestCases -->
    </test> <!-- SanityTest -->
  </suite> <!-- FlipkartSuite -->
</testng-results>
